{"C:\\Users\\RC\\OneDrive\\Desktop\\CODE\\REACT\\REACT-LIBRARIES\\src\\JEST\\minus.js": {"path":"C:\\Users\\RC\\OneDrive\\Desktop\\CODE\\REACT\\REACT-LIBRARIES\\src\\JEST\\minus.js","all":false,"statementMap":{"0":{"start":{"line":1,"column":0},"end":{"line":1,"column":22}},"1":{"start":{"line":2,"column":0},"end":{"line":2,"column":14}},"2":{"start":{"line":3,"column":0},"end":{"line":3,"column":1}},"3":{"start":{"line":4,"column":0},"end":{"line":4,"column":22}}},"s":{"0":1,"1":1,"2":1,"3":1},"branchMap":{"0":{"type":"branch","line":1,"loc":{"start":{"line":1,"column":0},"end":{"line":3,"column":1}},"locations":[{"start":{"line":1,"column":0},"end":{"line":3,"column":1}}]}},"b":{"0":[1]},"fnMap":{"0":{"name":"minus","decl":{"start":{"line":1,"column":0},"end":{"line":3,"column":1}},"loc":{"start":{"line":1,"column":0},"end":{"line":3,"column":1}},"line":1}},"f":{"0":1}}
,"C:\\Users\\RC\\OneDrive\\Desktop\\CODE\\REACT\\REACT-LIBRARIES\\src\\JEST\\sum.js": {"path":"C:\\Users\\RC\\OneDrive\\Desktop\\CODE\\REACT\\REACT-LIBRARIES\\src\\JEST\\sum.js","all":false,"statementMap":{"0":{"start":{"line":1,"column":0},"end":{"line":1,"column":20}},"1":{"start":{"line":2,"column":0},"end":{"line":2,"column":15}},"2":{"start":{"line":3,"column":0},"end":{"line":3,"column":1}},"3":{"start":{"line":4,"column":0},"end":{"line":4,"column":21}}},"s":{"0":1,"1":1,"2":1,"3":1},"branchMap":{"0":{"type":"branch","line":1,"loc":{"start":{"line":1,"column":0},"end":{"line":3,"column":1}},"locations":[{"start":{"line":1,"column":0},"end":{"line":3,"column":1}}]}},"b":{"0":[1]},"fnMap":{"0":{"name":"sum","decl":{"start":{"line":1,"column":0},"end":{"line":3,"column":1}},"loc":{"start":{"line":1,"column":0},"end":{"line":3,"column":1}},"line":1}},"f":{"0":1}}
,"C:\\Users\\RC\\OneDrive\\Desktop\\CODE\\REACT\\REACT-LIBRARIES\\src\\JEST\\utils.js": {"path":"C:\\Users\\RC\\OneDrive\\Desktop\\CODE\\REACT\\REACT-LIBRARIES\\src\\JEST\\utils.js","all":false,"statementMap":{"0":{"start":{"line":1,"column":0},"end":{"line":1,"column":17}},"1":{"start":{"line":2,"column":0},"end":{"line":2,"column":0}},"2":{"start":{"line":3,"column":0},"end":{"line":3,"column":5}},"3":{"start":{"line":4,"column":0},"end":{"line":4,"column":50}},"4":{"start":{"line":5,"column":0},"end":{"line":5,"column":0}},"5":{"start":{"line":6,"column":0},"end":{"line":6,"column":7}},"6":{"start":{"line":7,"column":0},"end":{"line":7,"column":52}},"7":{"start":{"line":8,"column":0},"end":{"line":8,"column":0}},"8":{"start":{"line":9,"column":0},"end":{"line":9,"column":7}},"9":{"start":{"line":10,"column":0},"end":{"line":10,"column":52}},"10":{"start":{"line":11,"column":0},"end":{"line":11,"column":0}},"11":{"start":{"line":12,"column":0},"end":{"line":12,"column":7}},"12":{"start":{"line":13,"column":0},"end":{"line":13,"column":46}},"13":{"start":{"line":14,"column":0},"end":{"line":14,"column":0}},"14":{"start":{"line":15,"column":0},"end":{"line":15,"column":0}},"15":{"start":{"line":16,"column":0},"end":{"line":16,"column":0}},"16":{"start":{"line":17,"column":0},"end":{"line":17,"column":0}},"17":{"start":{"line":18,"column":0},"end":{"line":18,"column":10}},"18":{"start":{"line":19,"column":0},"end":{"line":19,"column":17}},"19":{"start":{"line":20,"column":0},"end":{"line":20,"column":21}},"20":{"start":{"line":21,"column":0},"end":{"line":21,"column":21}},"21":{"start":{"line":22,"column":0},"end":{"line":22,"column":21}}},"s":{"0":1,"1":1,"2":1,"3":1,"4":1,"5":1,"6":1,"7":1,"8":1,"9":1,"10":1,"11":1,"12":1,"13":1,"14":1,"15":1,"16":1,"17":1,"18":1,"19":1,"20":1,"21":1},"branchMap":{"0":{"type":"branch","line":4,"loc":{"start":{"line":4,"column":12},"end":{"line":4,"column":50}},"locations":[{"start":{"line":4,"column":12},"end":{"line":4,"column":50}}]},"1":{"type":"branch","line":7,"loc":{"start":{"line":7,"column":14},"end":{"line":7,"column":52}},"locations":[{"start":{"line":7,"column":14},"end":{"line":7,"column":52}}]},"2":{"type":"branch","line":10,"loc":{"start":{"line":10,"column":14},"end":{"line":10,"column":52}},"locations":[{"start":{"line":10,"column":14},"end":{"line":10,"column":52}}]},"3":{"type":"branch","line":13,"loc":{"start":{"line":13,"column":15},"end":{"line":13,"column":46}},"locations":[{"start":{"line":13,"column":15},"end":{"line":13,"column":46}}]}},"b":{"0":[1],"1":[1],"2":[1],"3":[1]},"fnMap":{"0":{"name":"sum","decl":{"start":{"line":4,"column":12},"end":{"line":4,"column":50}},"loc":{"start":{"line":4,"column":12},"end":{"line":4,"column":50}},"line":4},"1":{"name":"power","decl":{"start":{"line":7,"column":14},"end":{"line":7,"column":52}},"loc":{"start":{"line":7,"column":14},"end":{"line":7,"column":52}},"line":7},"2":{"name":"minus","decl":{"start":{"line":10,"column":14},"end":{"line":10,"column":52}},"loc":{"start":{"line":10,"column":14},"end":{"line":10,"column":52}},"line":10},"3":{"name":"clone","decl":{"start":{"line":13,"column":15},"end":{"line":13,"column":46}},"loc":{"start":{"line":13,"column":15},"end":{"line":13,"column":46}},"line":13}},"f":{"0":1,"1":1,"2":1,"3":1}}
}
